[2025-2-7 12:41:14] ✅ INFO: 从配置文件加载配置
[2025-2-7 12:41:14] ✅ INFO: 启动客户端...
[2025-2-7 12:41:14] ✅ INFO: 正在获取认证token...
[2025-2-7 12:41:14] ✅ INFO: 成功获取token (ClientID: client-0103u6r6i)
[2025-2-7 12:41:14] ✅ INFO: 已成功连接到服务器
[2025-2-7 12:41:24] ❌ ERROR: ⚠️ 与服务器断开连接 (代码: 1006, 原因: )
[2025-2-7 12:41:24] ✅ INFO: 将在 5 秒后尝试重新连接...
[2025-2-7 12:41:29] ✅ INFO: 尝试重新连接...
[2025-2-7 12:41:29] ✅ INFO: 正在获取认证token...
[2025-2-7 12:41:29] ✅ INFO: 成功获取token (ClientID: client-0103u6r6i)
[2025-2-7 12:41:29] ✅ INFO: 已成功连接到服务器
[2025-2-7 12:42:03] ✅ INFO: 收到命令: pmset displaysleepnow
[2025-2-7 12:42:03] ✅ INFO: 执行命令: pmset displaysleepnow
[2025-2-7 12:42:03] ✅ INFO: 命令执行成功: pmset displaysleepnow
[2025-2-7 12:42:03] ✅ INFO: 命令执行完成，无输出
[2025-2-7 12:42:05] ✅ INFO: 收到命令: caffeinate -u -t 0
[2025-2-7 12:42:05] ✅ INFO: 执行命令: caffeinate -u -t 0
[2025-2-7 12:42:05] ✅ INFO: 收到命令: osascript -e 'tell application "System Events" to keystroke "bwzdc520."'; \
osascript -e 'delay 0.5'; \
osascript -e 'tell application "System Events" to keystroke return'


[2025-2-7 12:42:05] ✅ INFO: 执行命令: osascript -e 'tell application "System Events" to keystroke "bwzdc520."'; \
osascript -e 'delay 0.5'; \
osascript -e 'tell application "System Events" to keystroke return'


[2025-2-7 12:42:07] ✅ INFO: 命令执行成功: osascript -e 'tell application "System Events" to keystroke "bwzdc520."'; \
osascript -e 'delay 0.5'; \
osascript -e 'tell application "System Events" to keystroke return'


[2025-2-7 12:42:07] ✅ INFO: 命令执行完成，无输出
[2025-2-7 12:57:29] ❌ ERROR: ⚠️ 与服务器断开连接 (代码: 1006, 原因: )
[2025-2-7 12:57:29] ✅ INFO: 将在 5 秒后尝试重新连接...
[2025-2-7 12:57:34] ✅ INFO: 尝试重新连接...
[2025-2-7 12:57:34] ✅ INFO: 正在获取认证token...
[2025-2-7 12:57:34] ✅ INFO: 成功获取token (ClientID: client-0103u6r6i)
[2025-2-7 12:57:34] ✅ INFO: 已成功连接到服务器
[2025-2-7 13:37:34] ❌ ERROR: ⚠️ 与服务器断开连接 (代码: 1006, 原因: )
[2025-2-7 13:37:34] ✅ INFO: 将在 5 秒后尝试重新连接...
[2025-2-7 13:37:39] ✅ INFO: 尝试重新连接...
[2025-2-7 13:37:39] ✅ INFO: 正在获取认证token...
[2025-2-7 13:37:39] ✅ INFO: 成功获取token (ClientID: client-0103u6r6i)
[2025-2-7 13:37:40] ✅ INFO: 已成功连接到服务器
[2025-2-7 13:56:40] ❌ ERROR: ⚠️ 与服务器断开连接 (代码: 1006, 原因: )
[2025-2-7 13:56:40] ✅ INFO: 将在 5 秒后尝试重新连接...
[2025-2-7 13:56:45] ✅ INFO: 尝试重新连接...
[2025-2-7 13:56:45] ✅ INFO: 正在获取认证token...
[2025-2-7 13:56:45] ✅ INFO: 成功获取token (ClientID: client-0103u6r6i)
[2025-2-7 13:56:45] ✅ INFO: 已成功连接到服务器
[2025-2-7 14:48:15] ❌ ERROR: ⚠️ 与服务器断开连接 (代码: 1006, 原因: )
[2025-2-7 14:48:15] ✅ INFO: 将在 5 秒后尝试重新连接...
[2025-2-7 14:48:20] ✅ INFO: 尝试重新连接...
[2025-2-7 14:48:20] ✅ INFO: 正在获取认证token...
[2025-2-7 14:48:20] ✅ INFO: 成功获取token (ClientID: client-0103u6r6i)
[2025-2-7 14:48:20] ✅ INFO: 已成功连接到服务器
